<?xml version="1.0" encoding="UTF-8"?>
<!-- Generated by org.testng.reporters.JUnitReportReporter -->
<testsuite hostname="SINPC0VVTCQ" name="com.nttd.automation.bdd.common.TestRunner" tests="2" failures="0" timestamp="6 Oct 2019 02:25:58 GMT" time="31.730" errors="0">
  <testcase name="runScenario" time="15.690" classname="com.nttd.automation.bdd.common.TestRunner"/>
  <testcase name="runScenario" time="16.040" classname="com.nttd.automation.bdd.common.TestRunner"/>
</testsuite> <!-- com.nttd.automation.bdd.common.TestRunner -->
